{"uuid":"fff00239-0f3f-4e7f-8060-9c916c396bff","historyId":"e388bbd180b8b41bd81b9242e7fccba0","fullName":"testcase.ChangePassword_Test.request_a_bookTest","labels":[{"name":"package","value":"testcase.ChangePassword_Test"},{"name":"testClass","value":"testcase.ChangePassword_Test"},{"name":"testMethod","value":"request_a_bookTest"},{"name":"parentSuite","value":"Default suite"},{"name":"suite","value":"Default test"},{"name":"subSuite","value":"testcase.ChangePassword_Test"},{"name":"host","value":"SVG"},{"name":"thread","value":"15776@SVG.main(1)"},{"name":"framework","value":"testng"},{"name":"language","value":"java"},{"name":"feature","value":"Change password"},{"name":"story","value":"The user try to change the password"},{"name":"severity","value":"normal"}],"links":[],"name":"request_a_bookTest","status":"skipped","statusDetails":{"known":false,"muted":false,"flaky":false,"message":"org.apache.poi.EmptyFileException: The supplied file was empty (zero bytes long)","trace":"java.lang.RuntimeException: org.apache.poi.EmptyFileException: The supplied file was empty (zero bytes long)\r\n\tat org.testng.internal.MethodInvocationHelper.invokeMethodNoCheckedException(MethodInvocationHelper.java:50)\r\n\tat org.testng.internal.MethodInvocationHelper.invokeDataProvider(MethodInvocationHelper.java:146)\r\n\tat org.testng.internal.Parameters.handleParameters(Parameters.java:798)\r\n\tat org.testng.internal.Parameters.handleParameters(Parameters.java:740)\r\n\tat org.testng.internal.ParameterHandler.handleParameters(ParameterHandler.java:59)\r\n\tat org.testng.internal.ParameterHandler.createParameters(ParameterHandler.java:38)\r\n\tat org.testng.internal.TestInvoker$MethodInvocationAgent.invoke(TestInvoker.java:791)\r\n\tat org.testng.internal.TestInvoker.invokeTestMethods(TestInvoker.java:146)\r\n\tat org.testng.internal.TestMethodWorker.invokeTestMethods(TestMethodWorker.java:146)\r\n\tat org.testng.internal.TestMethodWorker.run(TestMethodWorker.java:128)\r\n\tat java.base/java.util.ArrayList.forEach(ArrayList.java:1511)\r\n\tat org.testng.TestRunner.privateRun(TestRunner.java:794)\r\n\tat org.testng.TestRunner.run(TestRunner.java:596)\r\n\tat org.testng.SuiteRunner.runTest(SuiteRunner.java:377)\r\n\tat org.testng.SuiteRunner.runSequentially(SuiteRunner.java:371)\r\n\tat org.testng.SuiteRunner.privateRun(SuiteRunner.java:332)\r\n\tat org.testng.SuiteRunner.run(SuiteRunner.java:276)\r\n\tat org.testng.SuiteRunnerWorker.runSuite(SuiteRunnerWorker.java:53)\r\n\tat org.testng.SuiteRunnerWorker.run(SuiteRunnerWorker.java:96)\r\n\tat org.testng.TestNG.runSuitesSequentially(TestNG.java:1212)\r\n\tat org.testng.TestNG.runSuitesLocally(TestNG.java:1134)\r\n\tat org.testng.TestNG.runSuites(TestNG.java:1063)\r\n\tat org.testng.TestNG.run(TestNG.java:1031)\r\n\tat org.testng.remote.AbstractRemoteTestNG.run(AbstractRemoteTestNG.java:115)\r\n\tat org.testng.remote.RemoteTestNG.initAndRun(RemoteTestNG.java:251)\r\n\tat org.testng.remote.RemoteTestNG.main(RemoteTestNG.java:77)\r\nCaused by: org.apache.poi.EmptyFileException: The supplied file was empty (zero bytes long)\r\n\tat org.apache.poi.util.IOUtils.peekFirstNBytes(IOUtils.java:111)\r\n\tat org.apache.poi.poifs.filesystem.FileMagic.valueOf(FileMagic.java:206)\r\n\tat org.apache.poi.ss.usermodel.WorkbookFactory.create(WorkbookFactory.java:248)\r\n\tat org.apache.poi.ss.usermodel.WorkbookFactory.create(WorkbookFactory.java:221)\r\n\tat utility.Utility.getTestData(Utility.java:35)\r\n\tat testcase.ChangePassword_Test.getLoginTestData(ChangePassword_Test.java:43)\r\n\tat java.base/jdk.internal.reflect.NativeMethodAccessorImpl.invoke0(Native Method)\r\n\tat java.base/jdk.internal.reflect.NativeMethodAccessorImpl.invoke(NativeMethodAccessorImpl.java:77)\r\n\tat java.base/jdk.internal.reflect.DelegatingMethodAccessorImpl.invoke(DelegatingMethodAccessorImpl.java:43)\r\n\tat java.base/java.lang.reflect.Method.invoke(Method.java:568)\r\n\tat org.testng.internal.MethodInvocationHelper.invokeMethod(MethodInvocationHelper.java:133)\r\n\tat org.testng.internal.MethodInvocationHelper.invokeMethod(MethodInvocationHelper.java:77)\r\n\tat org.testng.internal.MethodInvocationHelper.invokeMethodNoCheckedException(MethodInvocationHelper.java:46)\r\n\t... 25 more\r\n"},"stage":"finished","description":"The user try to change the password","steps":[],"attachments":[],"parameters":[],"start":1676951544462,"stop":1676951544472}